
> deephand-web@0.0.1 dev
> dotenv -e .env.local -- astro dev

14:55:34 [@astrojs/node] Enabling sessions with filesystem storage
14:55:34 [types] Generated 0ms
14:55:34 [content] Syncing content
14:55:34 [content] Synced content
14:55:35 [vite] Port 4321 is in use, trying another one...

 astro  v5.9.3 ready in 217 ms

┃ Local    http://localhost:4322/
┃ Network  use --host to expose

14:55:35 watching for file changes...
14:55:36 [200] /request 131ms
14:58:21 Configuration file updated. Restarting...
14:58:21 [@astrojs/node] Enabling sessions with filesystem storage
14:58:21 [vite] Re-optimizing dependencies because lockfile has changed
14:58:22 [content] Syncing content
14:58:22 [content] Synced content
14:58:22 [types] Generated 240ms
14:58:22 [vite] Re-optimizing dependencies because vite config has changed
14:58:24 [200] /en 29ms
14:58:54 [200] /request 4ms
14:58:55 [404] /favicon-32x32.png 1ms
14:58:55 [404] /favicon-16x16.png 0ms
15:01:34 [watch] manual_api_test.html
15:01:40 [watch] manual_api_test.html
15:01:40 [watch] public/manual_api_test.html
15:01:40 [watch] public/manual_api_test.html
15:23:09 [200] /en 7ms
15:23:14 [200] / 5ms
15:23:15 [200] /request 8ms
15:23:18 [200] / 8ms
15:23:32 [200] /terms 4ms
15:23:42 [200] /privacy 3ms
15:23:45 [200] / 9ms
15:33:30 [200] /request 7ms
15:33:41 [200] / 8ms
