
> deephand-web@0.0.1 dev
> dotenv -e .env.local -- astro dev

04:45:45 [@astrojs/node] Enabling sessions with filesystem storage
04:45:45 [types] Generated 0ms
04:45:45 [content] Syncing content
04:45:45 [content] Synced content

 astro  v5.9.3 ready in 95 ms

┃ Local    http://localhost:4321/
┃ Network  use --host to expose

04:45:45 watching for file changes...
04:45:47 [200] / 151ms
04:46:00 [200] / 5ms
🔍 環境変数検証結果:
==================================================
RESEND_API_KEY: ✅ 設定済み
PUBLIC_SITE_URL: http://localhost:4321
ADMIN_EMAIL: contact@deephandai.com
FROM_EMAIL: contact@deephandai.com
NODE_ENV: development
==================================================
✅ 環境変数設定正常
🔍 環境変数検証結果:
==================================================
RESEND_API_KEY: ✅ 設定済み
PUBLIC_SITE_URL: http://localhost:4321
ADMIN_EMAIL: contact@deephandai.com
FROM_EMAIL: contact@deephandai.com
NODE_ENV: development
==================================================
✅ 環境変数設定正常
[info_1750103197685_rel5y2vfe] Contact form submitted successfully {
  operation: 'contact_form_success',
  timestamp: 1750103197685,
  url: '/api/contact'
}
04:46:37 [200] POST /api/contact 5246ms
04:52:07 [watch] /src/components/HeroSection.tsx, /src/styles/app.css
04:52:07 [watch] src/components/HeroSection.tsx
04:52:15 [watch] /src/components/HeroSection.tsx, /src/styles/app.css
04:52:15 [watch] src/components/HeroSection.tsx
04:52:16 [watch] /src/components/HeroSection.tsx, /src/styles/app.css
04:52:16 [watch] src/components/HeroSection.tsx
04:52:23 [watch] /src/components/HeroSection.tsx, /src/styles/app.css
04:52:23 [watch] src/components/HeroSection.tsx
04:52:23 [watch] /src/components/HeroSection.tsx, /src/styles/app.css
04:52:23 [watch] src/components/HeroSection.tsx
04:52:28 [watch] /src/components/HeroSection.tsx, /src/styles/app.css
04:52:28 [watch] src/components/HeroSection.tsx
04:52:28 [watch] /src/components/HeroSection.tsx, /src/styles/app.css
04:52:28 [watch] src/components/HeroSection.tsx
04:52:47 [watch] /src/components/HeroSection.tsx, /src/styles/app.css
04:52:47 [watch] src/components/HeroSection.tsx
04:52:47 [watch] /src/components/HeroSection.tsx, /src/styles/app.css
04:52:47 [watch] src/components/HeroSection.tsx
04:52:54 [watch] /src/components/HeroSection.tsx, /src/styles/app.css
04:52:54 [watch] src/components/HeroSection.tsx
04:52:54 [watch] /src/components/HeroSection.tsx, /src/styles/app.css
04:52:54 [watch] src/components/HeroSection.tsx
04:52:59 [watch] /src/components/HeroSection.tsx, /src/styles/app.css
04:52:59 [watch] src/components/HeroSection.tsx
04:52:59 [watch] /src/components/HeroSection.tsx, /src/styles/app.css
04:52:59 [watch] src/components/HeroSection.tsx
04:53:11 [watch] src/components/RequestDataPage.tsx
04:53:11 [watch] src/components/RequestDataPage.tsx
04:53:11 [watch] src/components/RequestDataPage.tsx
04:53:11 [watch] src/components/RequestDataPage.tsx
04:53:11 [200] / 38ms
04:53:11 [200] / 2ms
04:53:19 [watch] src/components/RequestDataPage.tsx
04:53:19 [watch] src/components/RequestDataPage.tsx
04:53:19 [watch] src/components/RequestDataPage.tsx
04:53:19 [watch] src/components/RequestDataPage.tsx
04:53:19 [200] / 40ms
04:53:25 [watch] src/components/RequestDataPage.tsx
04:53:25 [watch] src/components/RequestDataPage.tsx
04:53:25 [watch] src/components/RequestDataPage.tsx
04:53:25 [watch] src/components/RequestDataPage.tsx
04:53:25 [200] / 39ms
04:53:35 [watch] src/components/RequestDataPage.tsx
04:53:35 [watch] src/components/RequestDataPage.tsx
04:53:35 [200] / 23ms
04:53:35 [watch] src/components/RequestDataPage.tsx
04:53:35 [watch] src/components/RequestDataPage.tsx
04:53:45 [watch] src/components/RequestDataPage.tsx
04:53:45 [watch] src/components/RequestDataPage.tsx
04:53:45 [200] / 27ms
04:53:49 [watch] src/components/RequestDataPage.tsx
04:53:49 [watch] src/components/RequestDataPage.tsx
04:53:49 [watch] src/components/RequestDataPage.tsx
04:53:49 [watch] src/components/RequestDataPage.tsx
04:53:49 [200] / 41ms
04:53:56 [watch] src/components/RequestDataPage.tsx
04:53:56 [watch] src/components/RequestDataPage.tsx
04:53:56 [watch] src/components/RequestDataPage.tsx
04:53:56 [watch] src/components/RequestDataPage.tsx
04:53:56 [200] / 41ms
